<?xml version="1.0" encoding="UTF-8"?>
<testsuite name="com.spotlyric.app.presentation.player.PlayerViewModelTest" tests="7" skipped="0" failures="0" errors="0" timestamp="2026-05-30T13:12:16" hostname="pseudo-Dell-G15-5511" time="0.218">
  <properties/>
  <testcase name="extractAndTranslate - success transitions to HasLyrics" classname="com.spotlyric.app.presentation.player.PlayerViewModelTest" time="0.174"/>
  <testcase name="init - when nothing playing, state is NothingPlaying" classname="com.spotlyric.app.presentation.player.PlayerViewModelTest" time="0.004"/>
  <testcase name="toggleBookmark - success updates bookmarks" classname="com.spotlyric.app.presentation.player.PlayerViewModelTest" time="0.011"/>
  <testcase name="init - when playing and no lyrics, loads sources and state is ShowingSources" classname="com.spotlyric.app.presentation.player.PlayerViewModelTest" time="0.007"/>
  <testcase name="extractAndTranslate - failure emits ShowToast event" classname="com.spotlyric.app.presentation.player.PlayerViewModelTest" time="0.012"/>
  <testcase name="init - when playing and has lyrics, state is HasLyrics" classname="com.spotlyric.app.presentation.player.PlayerViewModelTest" time="0.006"/>
  <testcase name="init - when unauthenticated, state is Unauthenticated" classname="com.spotlyric.app.presentation.player.PlayerViewModelTest" time="0.004"/>
  <system-out><![CDATA[]]></system-out>
  <system-err><![CDATA[]]></system-err>
</testsuite>
